[2018-11-20 16:21:48,984 ERROR 26928 shoplist.py 24] - (2003, "Can't connect to MySQL server on '118.89.18.234' (timed out)")
[2018-11-20 16:46:18,680 ERROR 11864 dbutil.py 65] - settings.DATABASES is improperly configured. Please supply the ENGINE value. Check settings documentation for more details.
[2018-11-20 17:09:04,356 ERROR 22420 dbutil.py 65] - settings.DATABASES is improperly configured. Please supply the ENGINE value. Check settings documentation for more details.
[2018-11-20 17:09:21,494 ERROR 22468 dbutil.py 65] - settings.DATABASES is improperly configured. Please supply the ENGINE value. Check settings documentation for more details.
[2018-11-20 18:59:10,055 WARNING 8388 base.py 152] - Not Found: /favicon.ico
[2018-11-20 18:59:32,609 WARNING 28256 base.py 152] - Not Found: /favicon.ico
[2018-11-20 19:00:12,958 WARNING 28256 base.py 152] - Not Found: /favicon.ico
[2018-11-20 19:00:42,015 WARNING 28256 base.py 152] - Not Found: /favicon.ico
[2018-11-20 19:01:40,651 WARNING 28256 base.py 152] - Not Found: /favicon.ico
[2018-11-20 19:37:42,553 ERROR 21356 dbutil.py 65] - settings.DATABASES is improperly configured. Please supply the ENGINE value. Check settings documentation for more details.
[2018-11-20 20:05:02,325 ERROR 25944 dbutil.py 65] - settings.DATABASES is improperly configured. Please supply the ENGINE value. Check settings documentation for more details.
[2018-11-20 20:05:10,319 ERROR 25504 dbutil.py 65] - settings.DATABASES is improperly configured. Please supply the ENGINE value. Check settings documentation for more details.
[2018-11-20 20:07:54,809 WARNING 27708 base.py 152] - Not Found: /favicon.ico
[2018-11-20 20:10:14,500 ERROR 27712 exception.py 135] - Internal Server Error: /loadmore/page=2
Traceback (most recent call last):
  File "C:\Users\admin\AppData\Roaming\Python\Python36\site-packages\django\core\paginator.py", line 41, in validate_number
    number = int(number)
TypeError: int() argument must be a string, a bytes-like object or a number, not 'NoneType'

During handling of the above exception, another exception occurred:

Traceback (most recent call last):
  File "C:\Users\admin\AppData\Roaming\Python\Python36\site-packages\django\core\handlers\exception.py", line 41, in inner
    response = get_response(request)
  File "C:\Users\admin\AppData\Roaming\Python\Python36\site-packages\django\core\handlers\base.py", line 187, in _get_response
    response = self.process_exception_by_middleware(e, request)
  File "C:\Users\admin\AppData\Roaming\Python\Python36\site-packages\django\core\handlers\base.py", line 185, in _get_response
    response = wrapped_callback(request, *callback_args, **callback_kwargs)
  File "C:\Users\admin\Desktop\python\webchat\webchat_conpon\views.py", line 20, in loadmore
    item_info = paginor.page(page)
  File "C:\Users\admin\AppData\Roaming\Python\Python36\site-packages\django\core\paginator.py", line 57, in page
    number = self.validate_number(number)
  File "C:\Users\admin\AppData\Roaming\Python\Python36\site-packages\django\core\paginator.py", line 43, in validate_number
    raise PageNotAnInteger(_('That page number is not an integer'))
django.core.paginator.PageNotAnInteger: That page number is not an integer
[2018-11-20 20:10:15,238 ERROR 27712 exception.py 135] - Internal Server Error: /loadmore/page=3
Traceback (most recent call last):
  File "C:\Users\admin\AppData\Roaming\Python\Python36\site-packages\django\core\paginator.py", line 41, in validate_number
    number = int(number)
TypeError: int() argument must be a string, a bytes-like object or a number, not 'NoneType'

During handling of the above exception, another exception occurred:

Traceback (most recent call last):
  File "C:\Users\admin\AppData\Roaming\Python\Python36\site-packages\django\core\handlers\exception.py", line 41, in inner
    response = get_response(request)
  File "C:\Users\admin\AppData\Roaming\Python\Python36\site-packages\django\core\handlers\base.py", line 187, in _get_response
    response = self.process_exception_by_middleware(e, request)
  File "C:\Users\admin\AppData\Roaming\Python\Python36\site-packages\django\core\handlers\base.py", line 185, in _get_response
    response = wrapped_callback(request, *callback_args, **callback_kwargs)
  File "C:\Users\admin\Desktop\python\webchat\webchat_conpon\views.py", line 20, in loadmore
    item_info = paginor.page(page)
  File "C:\Users\admin\AppData\Roaming\Python\Python36\site-packages\django\core\paginator.py", line 57, in page
    number = self.validate_number(number)
  File "C:\Users\admin\AppData\Roaming\Python\Python36\site-packages\django\core\paginator.py", line 43, in validate_number
    raise PageNotAnInteger(_('That page number is not an integer'))
django.core.paginator.PageNotAnInteger: That page number is not an integer
[2018-11-20 20:13:36,496 WARNING 27712 base.py 152] - Not Found: /favicon.ico
[2018-11-20 20:17:54,353 ERROR 27712 exception.py 135] - Internal Server Error: /loadmore
Traceback (most recent call last):
  File "C:\Users\admin\AppData\Roaming\Python\Python36\site-packages\django\core\paginator.py", line 41, in validate_number
    number = int(number)
ValueError: invalid literal for int() with base 10: '4\\'

During handling of the above exception, another exception occurred:

Traceback (most recent call last):
  File "C:\Users\admin\AppData\Roaming\Python\Python36\site-packages\django\core\handlers\exception.py", line 41, in inner
    response = get_response(request)
  File "C:\Users\admin\AppData\Roaming\Python\Python36\site-packages\django\core\handlers\base.py", line 187, in _get_response
    response = self.process_exception_by_middleware(e, request)
  File "C:\Users\admin\AppData\Roaming\Python\Python36\site-packages\django\core\handlers\base.py", line 185, in _get_response
    response = wrapped_callback(request, *callback_args, **callback_kwargs)
  File "C:\Users\admin\Desktop\python\webchat\webchat_conpon\views.py", line 20, in loadmore
    item_info = paginor.page(page)
  File "C:\Users\admin\AppData\Roaming\Python\Python36\site-packages\django\core\paginator.py", line 57, in page
    number = self.validate_number(number)
  File "C:\Users\admin\AppData\Roaming\Python\Python36\site-packages\django\core\paginator.py", line 43, in validate_number
    raise PageNotAnInteger(_('That page number is not an integer'))
django.core.paginator.PageNotAnInteger: That page number is not an integer
[2018-11-20 20:23:01,151 ERROR 27712 exception.py 135] - Internal Server Error: /loadmore
Traceback (most recent call last):
  File "C:\Users\admin\AppData\Roaming\Python\Python36\site-packages\pymysql\connections.py", line 916, in connect
    **kwargs)
  File "D:\Python\Python36\lib\socket.py", line 722, in create_connection
    raise err
  File "D:\Python\Python36\lib\socket.py", line 713, in create_connection
    sock.connect(sa)
socket.timeout: timed out

During handling of the above exception, another exception occurred:

Traceback (most recent call last):
  File "C:\Users\admin\AppData\Roaming\Python\Python36\site-packages\django\db\backends\base\base.py", line 213, in ensure_connection
    self.connect()
  File "C:\Users\admin\AppData\Roaming\Python\Python36\site-packages\django\db\backends\base\base.py", line 189, in connect
    self.connection = self.get_new_connection(conn_params)
  File "C:\Users\admin\AppData\Roaming\Python\Python36\site-packages\django\db\backends\mysql\base.py", line 274, in get_new_connection
    conn = Database.connect(**conn_params)
  File "C:\Users\admin\AppData\Roaming\Python\Python36\site-packages\pymysql\__init__.py", line 90, in Connect
    return Connection(*args, **kwargs)
  File "C:\Users\admin\AppData\Roaming\Python\Python36\site-packages\pymysql\connections.py", line 706, in __init__
    self.connect()
  File "C:\Users\admin\AppData\Roaming\Python\Python36\site-packages\pymysql\connections.py", line 963, in connect
    raise exc
pymysql.err.OperationalError: (2003, "Can't connect to MySQL server on '118.89.18.234' (timed out)")

The above exception was the direct cause of the following exception:

Traceback (most recent call last):
  File "C:\Users\admin\AppData\Roaming\Python\Python36\site-packages\django\core\handlers\exception.py", line 41, in inner
    response = get_response(request)
  File "C:\Users\admin\AppData\Roaming\Python\Python36\site-packages\django\core\handlers\base.py", line 187, in _get_response
    response = self.process_exception_by_middleware(e, request)
  File "C:\Users\admin\AppData\Roaming\Python\Python36\site-packages\django\core\handlers\base.py", line 185, in _get_response
    response = wrapped_callback(request, *callback_args, **callback_kwargs)
  File "C:\Users\admin\Desktop\python\webchat\webchat_conpon\views.py", line 19, in loadmore
    paginor = Paginator(list, limit)
  File "C:\Users\admin\AppData\Roaming\Python\Python36\site-packages\django\core\paginator.py", line 31, in __init__
    self._check_object_list_is_ordered()
  File "C:\Users\admin\AppData\Roaming\Python\Python36\site-packages\django\core\paginator.py", line 111, in _check_object_list_is_ordered
    'object_list: {!r}'.format(self.object_list),
  File "C:\Users\admin\AppData\Roaming\Python\Python36\site-packages\django\db\models\query.py", line 226, in __repr__
    data = list(self[:REPR_OUTPUT_SIZE + 1])
  File "C:\Users\admin\AppData\Roaming\Python\Python36\site-packages\django\db\models\query.py", line 250, in __iter__
    self._fetch_all()
  File "C:\Users\admin\AppData\Roaming\Python\Python36\site-packages\django\db\models\query.py", line 1103, in _fetch_all
    self._result_cache = list(self._iterable_class(self))
  File "C:\Users\admin\AppData\Roaming\Python\Python36\site-packages\django\db\models\query.py", line 106, in __iter__
    for row in compiler.results_iter():
  File "C:\Users\admin\AppData\Roaming\Python\Python36\site-packages\django\db\models\sql\compiler.py", line 828, in results_iter
    results = self.execute_sql(MULTI)
  File "C:\Users\admin\AppData\Roaming\Python\Python36\site-packages\django\db\models\sql\compiler.py", line 863, in execute_sql
    sql, params = self.as_sql()
  File "C:\Users\admin\AppData\Roaming\Python\Python36\site-packages\django\db\models\sql\compiler.py", line 420, in as_sql
    where, w_params = self.compile(self.where) if self.where is not None else ("", [])
  File "C:\Users\admin\AppData\Roaming\Python\Python36\site-packages\django\db\models\sql\compiler.py", line 373, in compile
    sql, params = node.as_sql(self, self.connection)
  File "C:\Users\admin\AppData\Roaming\Python\Python36\site-packages\django\db\models\sql\where.py", line 79, in as_sql
    sql, params = compiler.compile(child)
  File "C:\Users\admin\AppData\Roaming\Python\Python36\site-packages\django\db\models\sql\compiler.py", line 373, in compile
    sql, params = node.as_sql(self, self.connection)
  File "C:\Users\admin\AppData\Roaming\Python\Python36\site-packages\django\db\models\lookups.py", line 169, in as_sql
    lhs_sql, params = self.process_lhs(compiler, connection)
  File "C:\Users\admin\AppData\Roaming\Python\Python36\site-packages\django\db\models\lookups.py", line 162, in process_lhs
    db_type = self.lhs.output_field.db_type(connection=connection)
  File "C:\Users\admin\AppData\Roaming\Python\Python36\site-packages\django\db\models\fields\__init__.py", line 640, in db_type
    return connection.data_types[self.get_internal_type()] % data
  File "C:\Users\admin\AppData\Roaming\Python\Python36\site-packages\django\utils\functional.py", line 35, in __get__
    res = instance.__dict__[self.name] = self.func(instance)
  File "C:\Users\admin\AppData\Roaming\Python\Python36\site-packages\django\db\backends\mysql\base.py", line 174, in data_types
    if self.features.supports_microsecond_precision:
  File "C:\Users\admin\AppData\Roaming\Python\Python36\site-packages\django\utils\functional.py", line 35, in __get__
    res = instance.__dict__[self.name] = self.func(instance)
  File "C:\Users\admin\AppData\Roaming\Python\Python36\site-packages\django\db\backends\mysql\features.py", line 53, in supports_microsecond_precision
    return self.connection.mysql_version >= (5, 6, 4) and Database.version_info >= (1, 2, 5)
  File "C:\Users\admin\AppData\Roaming\Python\Python36\site-packages\django\utils\functional.py", line 35, in __get__
    res = instance.__dict__[self.name] = self.func(instance)
  File "C:\Users\admin\AppData\Roaming\Python\Python36\site-packages\django\db\backends\mysql\base.py", line 385, in mysql_version
    with self.temporary_connection() as cursor:
  File "D:\Python\Python36\lib\contextlib.py", line 82, in __enter__
    return next(self.gen)
  File "C:\Users\admin\AppData\Roaming\Python\Python36\site-packages\django\db\backends\base\base.py", line 591, in temporary_connection
    cursor = self.cursor()
  File "C:\Users\admin\AppData\Roaming\Python\Python36\site-packages\django\db\backends\base\base.py", line 254, in cursor
    return self._cursor()
  File "C:\Users\admin\AppData\Roaming\Python\Python36\site-packages\django\db\backends\base\base.py", line 229, in _cursor
    self.ensure_connection()
  File "C:\Users\admin\AppData\Roaming\Python\Python36\site-packages\django\db\backends\base\base.py", line 213, in ensure_connection
    self.connect()
  File "C:\Users\admin\AppData\Roaming\Python\Python36\site-packages\django\db\utils.py", line 94, in __exit__
    six.reraise(dj_exc_type, dj_exc_value, traceback)
  File "C:\Users\admin\AppData\Roaming\Python\Python36\site-packages\django\utils\six.py", line 685, in reraise
    raise value.with_traceback(tb)
  File "C:\Users\admin\AppData\Roaming\Python\Python36\site-packages\django\db\backends\base\base.py", line 213, in ensure_connection
    self.connect()
  File "C:\Users\admin\AppData\Roaming\Python\Python36\site-packages\django\db\backends\base\base.py", line 189, in connect
    self.connection = self.get_new_connection(conn_params)
  File "C:\Users\admin\AppData\Roaming\Python\Python36\site-packages\django\db\backends\mysql\base.py", line 274, in get_new_connection
    conn = Database.connect(**conn_params)
  File "C:\Users\admin\AppData\Roaming\Python\Python36\site-packages\pymysql\__init__.py", line 90, in Connect
    return Connection(*args, **kwargs)
  File "C:\Users\admin\AppData\Roaming\Python\Python36\site-packages\pymysql\connections.py", line 706, in __init__
    self.connect()
  File "C:\Users\admin\AppData\Roaming\Python\Python36\site-packages\pymysql\connections.py", line 963, in connect
    raise exc
django.db.utils.OperationalError: (2003, "Can't connect to MySQL server on '118.89.18.234' (timed out)")
[2018-11-20 20:23:14,320 ERROR 27712 exception.py 135] - Internal Server Error: /loadmore
Traceback (most recent call last):
  File "C:\Users\admin\AppData\Roaming\Python\Python36\site-packages\pymysql\connections.py", line 916, in connect
    **kwargs)
  File "D:\Python\Python36\lib\socket.py", line 722, in create_connection
    raise err
  File "D:\Python\Python36\lib\socket.py", line 713, in create_connection
    sock.connect(sa)
socket.timeout: timed out

During handling of the above exception, another exception occurred:

Traceback (most recent call last):
  File "C:\Users\admin\AppData\Roaming\Python\Python36\site-packages\django\db\backends\base\base.py", line 213, in ensure_connection
    self.connect()
  File "C:\Users\admin\AppData\Roaming\Python\Python36\site-packages\django\db\backends\base\base.py", line 189, in connect
    self.connection = self.get_new_connection(conn_params)
  File "C:\Users\admin\AppData\Roaming\Python\Python36\site-packages\django\db\backends\mysql\base.py", line 274, in get_new_connection
    conn = Database.connect(**conn_params)
  File "C:\Users\admin\AppData\Roaming\Python\Python36\site-packages\pymysql\__init__.py", line 90, in Connect
    return Connection(*args, **kwargs)
  File "C:\Users\admin\AppData\Roaming\Python\Python36\site-packages\pymysql\connections.py", line 706, in __init__
    self.connect()
  File "C:\Users\admin\AppData\Roaming\Python\Python36\site-packages\pymysql\connections.py", line 963, in connect
    raise exc
pymysql.err.OperationalError: (2003, "Can't connect to MySQL server on '118.89.18.234' (timed out)")

The above exception was the direct cause of the following exception:

Traceback (most recent call last):
  File "C:\Users\admin\AppData\Roaming\Python\Python36\site-packages\django\core\handlers\exception.py", line 41, in inner
    response = get_response(request)
  File "C:\Users\admin\AppData\Roaming\Python\Python36\site-packages\django\core\handlers\base.py", line 187, in _get_response
    response = self.process_exception_by_middleware(e, request)
  File "C:\Users\admin\AppData\Roaming\Python\Python36\site-packages\django\core\handlers\base.py", line 185, in _get_response
    response = wrapped_callback(request, *callback_args, **callback_kwargs)
  File "C:\Users\admin\Desktop\python\webchat\webchat_conpon\views.py", line 19, in loadmore
    paginor = Paginator(list, limit)
  File "C:\Users\admin\AppData\Roaming\Python\Python36\site-packages\django\core\paginator.py", line 31, in __init__
    self._check_object_list_is_ordered()
  File "C:\Users\admin\AppData\Roaming\Python\Python36\site-packages\django\core\paginator.py", line 111, in _check_object_list_is_ordered
    'object_list: {!r}'.format(self.object_list),
  File "C:\Users\admin\AppData\Roaming\Python\Python36\site-packages\django\db\models\query.py", line 226, in __repr__
    data = list(self[:REPR_OUTPUT_SIZE + 1])
  File "C:\Users\admin\AppData\Roaming\Python\Python36\site-packages\django\db\models\query.py", line 250, in __iter__
    self._fetch_all()
  File "C:\Users\admin\AppData\Roaming\Python\Python36\site-packages\django\db\models\query.py", line 1103, in _fetch_all
    self._result_cache = list(self._iterable_class(self))
  File "C:\Users\admin\AppData\Roaming\Python\Python36\site-packages\django\db\models\query.py", line 106, in __iter__
    for row in compiler.results_iter():
  File "C:\Users\admin\AppData\Roaming\Python\Python36\site-packages\django\db\models\sql\compiler.py", line 828, in results_iter
    results = self.execute_sql(MULTI)
  File "C:\Users\admin\AppData\Roaming\Python\Python36\site-packages\django\db\models\sql\compiler.py", line 863, in execute_sql
    sql, params = self.as_sql()
  File "C:\Users\admin\AppData\Roaming\Python\Python36\site-packages\django\db\models\sql\compiler.py", line 420, in as_sql
    where, w_params = self.compile(self.where) if self.where is not None else ("", [])
  File "C:\Users\admin\AppData\Roaming\Python\Python36\site-packages\django\db\models\sql\compiler.py", line 373, in compile
    sql, params = node.as_sql(self, self.connection)
  File "C:\Users\admin\AppData\Roaming\Python\Python36\site-packages\django\db\models\sql\where.py", line 79, in as_sql
    sql, params = compiler.compile(child)
  File "C:\Users\admin\AppData\Roaming\Python\Python36\site-packages\django\db\models\sql\compiler.py", line 373, in compile
    sql, params = node.as_sql(self, self.connection)
  File "C:\Users\admin\AppData\Roaming\Python\Python36\site-packages\django\db\models\lookups.py", line 169, in as_sql
    lhs_sql, params = self.process_lhs(compiler, connection)
  File "C:\Users\admin\AppData\Roaming\Python\Python36\site-packages\django\db\models\lookups.py", line 162, in process_lhs
    db_type = self.lhs.output_field.db_type(connection=connection)
  File "C:\Users\admin\AppData\Roaming\Python\Python36\site-packages\django\db\models\fields\__init__.py", line 640, in db_type
    return connection.data_types[self.get_internal_type()] % data
  File "C:\Users\admin\AppData\Roaming\Python\Python36\site-packages\django\utils\functional.py", line 35, in __get__
    res = instance.__dict__[self.name] = self.func(instance)
  File "C:\Users\admin\AppData\Roaming\Python\Python36\site-packages\django\db\backends\mysql\base.py", line 174, in data_types
    if self.features.supports_microsecond_precision:
  File "C:\Users\admin\AppData\Roaming\Python\Python36\site-packages\django\utils\functional.py", line 35, in __get__
    res = instance.__dict__[self.name] = self.func(instance)
  File "C:\Users\admin\AppData\Roaming\Python\Python36\site-packages\django\db\backends\mysql\features.py", line 53, in supports_microsecond_precision
    return self.connection.mysql_version >= (5, 6, 4) and Database.version_info >= (1, 2, 5)
  File "C:\Users\admin\AppData\Roaming\Python\Python36\site-packages\django\utils\functional.py", line 35, in __get__
    res = instance.__dict__[self.name] = self.func(instance)
  File "C:\Users\admin\AppData\Roaming\Python\Python36\site-packages\django\db\backends\mysql\base.py", line 385, in mysql_version
    with self.temporary_connection() as cursor:
  File "D:\Python\Python36\lib\contextlib.py", line 82, in __enter__
    return next(self.gen)
  File "C:\Users\admin\AppData\Roaming\Python\Python36\site-packages\django\db\backends\base\base.py", line 591, in temporary_connection
    cursor = self.cursor()
  File "C:\Users\admin\AppData\Roaming\Python\Python36\site-packages\django\db\backends\base\base.py", line 254, in cursor
    return self._cursor()
  File "C:\Users\admin\AppData\Roaming\Python\Python36\site-packages\django\db\backends\base\base.py", line 229, in _cursor
    self.ensure_connection()
  File "C:\Users\admin\AppData\Roaming\Python\Python36\site-packages\django\db\backends\base\base.py", line 213, in ensure_connection
    self.connect()
  File "C:\Users\admin\AppData\Roaming\Python\Python36\site-packages\django\db\utils.py", line 94, in __exit__
    six.reraise(dj_exc_type, dj_exc_value, traceback)
  File "C:\Users\admin\AppData\Roaming\Python\Python36\site-packages\django\utils\six.py", line 685, in reraise
    raise value.with_traceback(tb)
  File "C:\Users\admin\AppData\Roaming\Python\Python36\site-packages\django\db\backends\base\base.py", line 213, in ensure_connection
    self.connect()
  File "C:\Users\admin\AppData\Roaming\Python\Python36\site-packages\django\db\backends\base\base.py", line 189, in connect
    self.connection = self.get_new_connection(conn_params)
  File "C:\Users\admin\AppData\Roaming\Python\Python36\site-packages\django\db\backends\mysql\base.py", line 274, in get_new_connection
    conn = Database.connect(**conn_params)
  File "C:\Users\admin\AppData\Roaming\Python\Python36\site-packages\pymysql\__init__.py", line 90, in Connect
    return Connection(*args, **kwargs)
  File "C:\Users\admin\AppData\Roaming\Python\Python36\site-packages\pymysql\connections.py", line 706, in __init__
    self.connect()
  File "C:\Users\admin\AppData\Roaming\Python\Python36\site-packages\pymysql\connections.py", line 963, in connect
    raise exc
django.db.utils.OperationalError: (2003, "Can't connect to MySQL server on '118.89.18.234' (timed out)")
[2018-11-21 09:43:23,444 ERROR 33940 exception.py 135] - Internal Server Error: /loadmore/page=2
Traceback (most recent call last):
  File "C:\Users\admin\AppData\Roaming\Python\Python36\site-packages\django\core\paginator.py", line 41, in validate_number
    number = int(number)
TypeError: int() argument must be a string, a bytes-like object or a number, not 'NoneType'

During handling of the above exception, another exception occurred:

Traceback (most recent call last):
  File "C:\Users\admin\AppData\Roaming\Python\Python36\site-packages\django\core\handlers\exception.py", line 41, in inner
    response = get_response(request)
  File "C:\Users\admin\AppData\Roaming\Python\Python36\site-packages\django\core\handlers\base.py", line 187, in _get_response
    response = self.process_exception_by_middleware(e, request)
  File "C:\Users\admin\AppData\Roaming\Python\Python36\site-packages\django\core\handlers\base.py", line 185, in _get_response
    response = wrapped_callback(request, *callback_args, **callback_kwargs)
  File "C:\Users\admin\Desktop\python\webchat\webchat_conpon\views.py", line 20, in loadmore
    item_info = paginor.page(page)
  File "C:\Users\admin\AppData\Roaming\Python\Python36\site-packages\django\core\paginator.py", line 57, in page
    number = self.validate_number(number)
  File "C:\Users\admin\AppData\Roaming\Python\Python36\site-packages\django\core\paginator.py", line 43, in validate_number
    raise PageNotAnInteger(_('That page number is not an integer'))
django.core.paginator.PageNotAnInteger: That page number is not an integer
[2018-11-21 09:43:24,065 WARNING 33940 base.py 152] - Not Found: /favicon.ico
[2018-11-21 09:43:37,147 ERROR 33940 exception.py 135] - Internal Server Error: /loadmore£¿page=2
Traceback (most recent call last):
  File "C:\Users\admin\AppData\Roaming\Python\Python36\site-packages\django\core\paginator.py", line 41, in validate_number
    number = int(number)
TypeError: int() argument must be a string, a bytes-like object or a number, not 'NoneType'

During handling of the above exception, another exception occurred:

Traceback (most recent call last):
  File "C:\Users\admin\AppData\Roaming\Python\Python36\site-packages\django\core\handlers\exception.py", line 41, in inner
    response = get_response(request)
  File "C:\Users\admin\AppData\Roaming\Python\Python36\site-packages\django\core\handlers\base.py", line 187, in _get_response
    response = self.process_exception_by_middleware(e, request)
  File "C:\Users\admin\AppData\Roaming\Python\Python36\site-packages\django\core\handlers\base.py", line 185, in _get_response
    response = wrapped_callback(request, *callback_args, **callback_kwargs)
  File "C:\Users\admin\Desktop\python\webchat\webchat_conpon\views.py", line 20, in loadmore
    item_info = paginor.page(page)
  File "C:\Users\admin\AppData\Roaming\Python\Python36\site-packages\django\core\paginator.py", line 57, in page
    number = self.validate_number(number)
  File "C:\Users\admin\AppData\Roaming\Python\Python36\site-packages\django\core\paginator.py", line 43, in validate_number
    raise PageNotAnInteger(_('That page number is not an integer'))
django.core.paginator.PageNotAnInteger: That page number is not an integer
[2018-11-21 09:46:54,436 WARNING 33940 base.py 152] - Not Found: /www.baidu.com
[2018-11-21 10:45:30,587 WARNING 34204 base.py 152] - Not Found: /favicon.ico
[2018-11-21 10:45:44,315 WARNING 34204 base.py 152] - Not Found: /detail.html
[2018-11-21 10:57:33,590 ERROR 35624 exception.py 135] - Internal Server Error: /loadmore
Traceback (most recent call last):
  File "C:\Users\admin\AppData\Roaming\Python\Python36\site-packages\django\core\handlers\exception.py", line 41, in inner
    response = get_response(request)
  File "C:\Users\admin\AppData\Roaming\Python\Python36\site-packages\django\core\handlers\base.py", line 187, in _get_response
    response = self.process_exception_by_middleware(e, request)
  File "C:\Users\admin\AppData\Roaming\Python\Python36\site-packages\django\core\handlers\base.py", line 185, in _get_response
    response = wrapped_callback(request, *callback_args, **callback_kwargs)
  File "C:\Users\admin\Desktop\python\webchat\webchat_conpon\views.py", line 41, in loadmore
    return render(request, 'test2.html', {'contacts': contacts})
  File "C:\Users\admin\AppData\Roaming\Python\Python36\site-packages\django\shortcuts.py", line 30, in render
    content = loader.render_to_string(template_name, context, request, using=using)
  File "C:\Users\admin\AppData\Roaming\Python\Python36\site-packages\django\template\loader.py", line 68, in render_to_string
    return template.render(context, request)
  File "C:\Users\admin\AppData\Roaming\Python\Python36\site-packages\django\template\backends\django.py", line 66, in render
    return self.template.render(context)
  File "C:\Users\admin\AppData\Roaming\Python\Python36\site-packages\django\template\base.py", line 207, in render
    return self._render(context)
  File "C:\Users\admin\AppData\Roaming\Python\Python36\site-packages\django\template\base.py", line 199, in _render
    return self.nodelist.render(context)
  File "C:\Users\admin\AppData\Roaming\Python\Python36\site-packages\django\template\base.py", line 990, in render
    bit = node.render_annotated(context)
  File "C:\Users\admin\AppData\Roaming\Python\Python36\site-packages\django\template\base.py", line 957, in render_annotated
    return self.render(context)
  File "C:\Users\admin\AppData\Roaming\Python\Python36\site-packages\django\template\defaulttags.py", line 322, in render
    return nodelist.render(context)
  File "C:\Users\admin\AppData\Roaming\Python\Python36\site-packages\django\template\base.py", line 990, in render
    bit = node.render_annotated(context)
  File "C:\Users\admin\AppData\Roaming\Python\Python36\site-packages\django\template\base.py", line 957, in render_annotated
    return self.render(context)
  File "C:\Users\admin\AppData\Roaming\Python\Python36\site-packages\django\template\base.py", line 1040, in render
    output = self.filter_expression.resolve(context)
  File "C:\Users\admin\AppData\Roaming\Python\Python36\site-packages\django\template\base.py", line 708, in resolve
    obj = self.var.resolve(context)
  File "C:\Users\admin\AppData\Roaming\Python\Python36\site-packages\django\template\base.py", line 849, in resolve
    value = self._resolve_lookup(context)
  File "C:\Users\admin\AppData\Roaming\Python\Python36\site-packages\django\template\base.py", line 911, in _resolve_lookup
    current = current()
  File "C:\Users\admin\AppData\Roaming\Python\Python36\site-packages\django\core\paginator.py", line 155, in previous_page_number
    return self.paginator.validate_number(self.number - 1)
  File "C:\Users\admin\AppData\Roaming\Python\Python36\site-packages\django\core\paginator.py", line 45, in validate_number
    raise EmptyPage(_('That page number is less than 1'))
django.core.paginator.EmptyPage: That page number is less than 1
[2018-11-21 10:57:39,019 ERROR 35624 exception.py 135] - Internal Server Error: /loadmore
Traceback (most recent call last):
  File "C:\Users\admin\AppData\Roaming\Python\Python36\site-packages\django\core\handlers\exception.py", line 41, in inner
    response = get_response(request)
  File "C:\Users\admin\AppData\Roaming\Python\Python36\site-packages\django\core\handlers\base.py", line 187, in _get_response
    response = self.process_exception_by_middleware(e, request)
  File "C:\Users\admin\AppData\Roaming\Python\Python36\site-packages\django\core\handlers\base.py", line 185, in _get_response
    response = wrapped_callback(request, *callback_args, **callback_kwargs)
  File "C:\Users\admin\Desktop\python\webchat\webchat_conpon\views.py", line 41, in loadmore
    return render(request, 'test2.html', {'contacts': contacts})
  File "C:\Users\admin\AppData\Roaming\Python\Python36\site-packages\django\shortcuts.py", line 30, in render
    content = loader.render_to_string(template_name, context, request, using=using)
  File "C:\Users\admin\AppData\Roaming\Python\Python36\site-packages\django\template\loader.py", line 68, in render_to_string
    return template.render(context, request)
  File "C:\Users\admin\AppData\Roaming\Python\Python36\site-packages\django\template\backends\django.py", line 66, in render
    return self.template.render(context)
  File "C:\Users\admin\AppData\Roaming\Python\Python36\site-packages\django\template\base.py", line 207, in render
    return self._render(context)
  File "C:\Users\admin\AppData\Roaming\Python\Python36\site-packages\django\template\base.py", line 199, in _render
    return self.nodelist.render(context)
  File "C:\Users\admin\AppData\Roaming\Python\Python36\site-packages\django\template\base.py", line 990, in render
    bit = node.render_annotated(context)
  File "C:\Users\admin\AppData\Roaming\Python\Python36\site-packages\django\template\base.py", line 957, in render_annotated
    return self.render(context)
  File "C:\Users\admin\AppData\Roaming\Python\Python36\site-packages\django\template\defaulttags.py", line 322, in render
    return nodelist.render(context)
  File "C:\Users\admin\AppData\Roaming\Python\Python36\site-packages\django\template\base.py", line 990, in render
    bit = node.render_annotated(context)
  File "C:\Users\admin\AppData\Roaming\Python\Python36\site-packages\django\template\base.py", line 957, in render_annotated
    return self.render(context)
  File "C:\Users\admin\AppData\Roaming\Python\Python36\site-packages\django\template\base.py", line 1040, in render
    output = self.filter_expression.resolve(context)
  File "C:\Users\admin\AppData\Roaming\Python\Python36\site-packages\django\template\base.py", line 708, in resolve
    obj = self.var.resolve(context)
  File "C:\Users\admin\AppData\Roaming\Python\Python36\site-packages\django\template\base.py", line 849, in resolve
    value = self._resolve_lookup(context)
  File "C:\Users\admin\AppData\Roaming\Python\Python36\site-packages\django\template\base.py", line 911, in _resolve_lookup
    current = current()
  File "C:\Users\admin\AppData\Roaming\Python\Python36\site-packages\django\core\paginator.py", line 155, in previous_page_number
    return self.paginator.validate_number(self.number - 1)
  File "C:\Users\admin\AppData\Roaming\Python\Python36\site-packages\django\core\paginator.py", line 45, in validate_number
    raise EmptyPage(_('That page number is less than 1'))
django.core.paginator.EmptyPage: That page number is less than 1
[2018-11-21 11:18:06,779 ERROR 35624 exception.py 135] - Internal Server Error: /loadmore
Traceback (most recent call last):
  File "C:\Users\admin\AppData\Roaming\Python\Python36\site-packages\django\core\handlers\exception.py", line 41, in inner
    response = get_response(request)
  File "C:\Users\admin\AppData\Roaming\Python\Python36\site-packages\django\core\handlers\base.py", line 187, in _get_response
    response = self.process_exception_by_middleware(e, request)
  File "C:\Users\admin\AppData\Roaming\Python\Python36\site-packages\django\core\handlers\base.py", line 185, in _get_response
    response = wrapped_callback(request, *callback_args, **callback_kwargs)
  File "C:\Users\admin\Desktop\python\webchat\webchat_conpon\views.py", line 41, in loadmore
    return render(request, 'test2.html', {'contacts': contacts})
  File "C:\Users\admin\AppData\Roaming\Python\Python36\site-packages\django\shortcuts.py", line 30, in render
    content = loader.render_to_string(template_name, context, request, using=using)
  File "C:\Users\admin\AppData\Roaming\Python\Python36\site-packages\django\template\loader.py", line 68, in render_to_string
    return template.render(context, request)
  File "C:\Users\admin\AppData\Roaming\Python\Python36\site-packages\django\template\backends\django.py", line 66, in render
    return self.template.render(context)
  File "C:\Users\admin\AppData\Roaming\Python\Python36\site-packages\django\template\base.py", line 207, in render
    return self._render(context)
  File "C:\Users\admin\AppData\Roaming\Python\Python36\site-packages\django\template\base.py", line 199, in _render
    return self.nodelist.render(context)
  File "C:\Users\admin\AppData\Roaming\Python\Python36\site-packages\django\template\base.py", line 990, in render
    bit = node.render_annotated(context)
  File "C:\Users\admin\AppData\Roaming\Python\Python36\site-packages\django\template\base.py", line 957, in render_annotated
    return self.render(context)
  File "C:\Users\admin\AppData\Roaming\Python\Python36\site-packages\django\template\defaulttags.py", line 322, in render
    return nodelist.render(context)
  File "C:\Users\admin\AppData\Roaming\Python\Python36\site-packages\django\template\base.py", line 990, in render
    bit = node.render_annotated(context)
  File "C:\Users\admin\AppData\Roaming\Python\Python36\site-packages\django\template\base.py", line 957, in render_annotated
    return self.render(context)
  File "C:\Users\admin\AppData\Roaming\Python\Python36\site-packages\django\template\base.py", line 1040, in render
    output = self.filter_expression.resolve(context)
  File "C:\Users\admin\AppData\Roaming\Python\Python36\site-packages\django\template\base.py", line 708, in resolve
    obj = self.var.resolve(context)
  File "C:\Users\admin\AppData\Roaming\Python\Python36\site-packages\django\template\base.py", line 849, in resolve
    value = self._resolve_lookup(context)
  File "C:\Users\admin\AppData\Roaming\Python\Python36\site-packages\django\template\base.py", line 911, in _resolve_lookup
    current = current()
  File "C:\Users\admin\AppData\Roaming\Python\Python36\site-packages\django\core\paginator.py", line 155, in previous_page_number
    return self.paginator.validate_number(self.number - 1)
  File "C:\Users\admin\AppData\Roaming\Python\Python36\site-packages\django\core\paginator.py", line 45, in validate_number
    raise EmptyPage(_('That page number is less than 1'))
django.core.paginator.EmptyPage: That page number is less than 1
[2018-11-21 11:18:11,190 ERROR 35624 exception.py 135] - Internal Server Error: /loadmore
Traceback (most recent call last):
  File "C:\Users\admin\AppData\Roaming\Python\Python36\site-packages\django\core\handlers\exception.py", line 41, in inner
    response = get_response(request)
  File "C:\Users\admin\AppData\Roaming\Python\Python36\site-packages\django\core\handlers\base.py", line 187, in _get_response
    response = self.process_exception_by_middleware(e, request)
  File "C:\Users\admin\AppData\Roaming\Python\Python36\site-packages\django\core\handlers\base.py", line 185, in _get_response
    response = wrapped_callback(request, *callback_args, **callback_kwargs)
  File "C:\Users\admin\Desktop\python\webchat\webchat_conpon\views.py", line 41, in loadmore
    return render(request, 'test2.html', {'contacts': contacts})
  File "C:\Users\admin\AppData\Roaming\Python\Python36\site-packages\django\shortcuts.py", line 30, in render
    content = loader.render_to_string(template_name, context, request, using=using)
  File "C:\Users\admin\AppData\Roaming\Python\Python36\site-packages\django\template\loader.py", line 68, in render_to_string
    return template.render(context, request)
  File "C:\Users\admin\AppData\Roaming\Python\Python36\site-packages\django\template\backends\django.py", line 66, in render
    return self.template.render(context)
  File "C:\Users\admin\AppData\Roaming\Python\Python36\site-packages\django\template\base.py", line 207, in render
    return self._render(context)
  File "C:\Users\admin\AppData\Roaming\Python\Python36\site-packages\django\template\base.py", line 199, in _render
    return self.nodelist.render(context)
  File "C:\Users\admin\AppData\Roaming\Python\Python36\site-packages\django\template\base.py", line 990, in render
    bit = node.render_annotated(context)
  File "C:\Users\admin\AppData\Roaming\Python\Python36\site-packages\django\template\base.py", line 957, in render_annotated
    return self.render(context)
  File "C:\Users\admin\AppData\Roaming\Python\Python36\site-packages\django\template\defaulttags.py", line 322, in render
    return nodelist.render(context)
  File "C:\Users\admin\AppData\Roaming\Python\Python36\site-packages\django\template\base.py", line 990, in render
    bit = node.render_annotated(context)
  File "C:\Users\admin\AppData\Roaming\Python\Python36\site-packages\django\template\base.py", line 957, in render_annotated
    return self.render(context)
  File "C:\Users\admin\AppData\Roaming\Python\Python36\site-packages\django\template\base.py", line 1040, in render
    output = self.filter_expression.resolve(context)
  File "C:\Users\admin\AppData\Roaming\Python\Python36\site-packages\django\template\base.py", line 708, in resolve
    obj = self.var.resolve(context)
  File "C:\Users\admin\AppData\Roaming\Python\Python36\site-packages\django\template\base.py", line 849, in resolve
    value = self._resolve_lookup(context)
  File "C:\Users\admin\AppData\Roaming\Python\Python36\site-packages\django\template\base.py", line 911, in _resolve_lookup
    current = current()
  File "C:\Users\admin\AppData\Roaming\Python\Python36\site-packages\django\core\paginator.py", line 155, in previous_page_number
    return self.paginator.validate_number(self.number - 1)
  File "C:\Users\admin\AppData\Roaming\Python\Python36\site-packages\django\core\paginator.py", line 45, in validate_number
    raise EmptyPage(_('That page number is less than 1'))
django.core.paginator.EmptyPage: That page number is less than 1
[2018-11-21 11:18:11,499 WARNING 35624 base.py 152] - Not Found: /favicon.ico
[2018-11-21 11:18:38,996 WARNING 35624 base.py 152] - Not Found: /favicon.ico
[2018-11-21 11:19:07,200 WARNING 35624 base.py 152] - Not Found: /favicon.ico
[2018-11-21 11:19:51,164 WARNING 35624 base.py 152] - Not Found: /favicon.ico
[2018-11-21 11:21:26,457 WARNING 35624 base.py 152] - Not Found: /favicon.ico
[2018-11-21 11:25:08,799 WARNING 35624 base.py 152] - Not Found: /favicon.ico
[2018-11-21 11:25:41,648 WARNING 35624 base.py 152] - Not Found: /favicon.ico
[2018-11-21 13:38:58,800 WARNING 35624 base.py 152] - Not Found: /favicon.ico
[2018-11-21 13:53:39,303 WARNING 33796 base.py 152] - Not Found: /favicon.ico
[2018-11-21 13:53:48,506 WARNING 33796 base.py 152] - Not Found: /favicon.ico
[2018-11-21 13:53:59,068 WARNING 33796 base.py 152] - Not Found: /favicon.ico
[2018-11-21 13:54:11,911 WARNING 33796 base.py 152] - Not Found: /favicon.ico
[2018-11-21 13:54:25,360 WARNING 33796 base.py 152] - Not Found: /favicon.ico
[2018-11-21 13:54:28,566 WARNING 33796 base.py 152] - Not Found: /favicon.ico
[2018-11-21 13:54:49,896 WARNING 33796 base.py 152] - Not Found: /favicon.ico
[2018-11-21 13:54:52,147 WARNING 33796 base.py 152] - Not Found: /favicon.ico
[2018-11-21 13:55:23,664 WARNING 33796 base.py 152] - Not Found: /favicon.ico
[2018-11-21 13:55:26,427 WARNING 33796 base.py 152] - Not Found: /favicon.ico
[2018-11-21 13:55:47,049 WARNING 33796 base.py 152] - Not Found: /favicon.ico
[2018-11-21 13:55:49,404 WARNING 33796 base.py 152] - Not Found: /favicon.ico
[2018-11-21 13:55:56,360 WARNING 33796 base.py 152] - Not Found: /favicon.ico
[2018-11-21 13:55:58,576 WARNING 33796 base.py 152] - Not Found: /favicon.ico
[2018-11-21 13:56:01,486 WARNING 33796 base.py 152] - Not Found: /favicon.ico
[2018-11-21 13:56:50,871 WARNING 33796 base.py 152] - Not Found: /favicon.ico
[2018-11-21 13:56:52,251 WARNING 33796 base.py 152] - Not Found: /favicon.ico
[2018-11-21 13:56:58,414 WARNING 33796 base.py 152] - Not Found: /favicon.ico
[2018-11-21 13:57:07,996 WARNING 33796 base.py 152] - Not Found: /favicon.ico
[2018-11-21 13:59:34,705 WARNING 33796 base.py 152] - Not Found: /favicon.ico
[2018-11-21 14:00:17,337 WARNING 33796 base.py 152] - Not Found: /favicon.ico
[2018-11-21 14:00:24,542 WARNING 33796 base.py 152] - Not Found: /favicon.ico
[2018-11-21 14:00:31,332 WARNING 33796 base.py 152] - Not Found: /favicon.ico
[2018-11-21 14:00:33,567 WARNING 33796 base.py 152] - Not Found: /favicon.ico
[2018-11-21 14:02:35,902 WARNING 33796 base.py 152] - Not Found: /favicon.ico
[2018-11-21 14:10:09,970 WARNING 32488 base.py 152] - Not Found: /favicon.ico
[2018-11-21 14:10:34,647 WARNING 32488 base.py 152] - Not Found: /favicon.ico
[2018-11-21 14:12:57,945 WARNING 32488 base.py 152] - Not Found: /favicon.ico
[2018-11-21 14:16:57,960 WARNING 32488 base.py 152] - Not Found: /favicon.ico
[2018-11-21 14:18:07,630 WARNING 32488 base.py 152] - Not Found: /favicon.ico
[2018-11-21 14:19:36,975 WARNING 32488 base.py 152] - Not Found: /favicon.ico
[2018-11-21 14:21:00,335 WARNING 32488 base.py 152] - Not Found: /favicon.ico
[2018-11-21 14:21:41,756 WARNING 32488 base.py 152] - Not Found: /favicon.ico
[2018-11-21 14:28:34,331 ERROR 32488 exception.py 135] - Internal Server Error: /loadmore
Traceback (most recent call last):
  File "C:\Users\admin\AppData\Roaming\Python\Python36\site-packages\pymysql\connections.py", line 916, in connect
    **kwargs)
  File "D:\Python\Python36\lib\socket.py", line 722, in create_connection
    raise err
  File "D:\Python\Python36\lib\socket.py", line 713, in create_connection
    sock.connect(sa)
socket.timeout: timed out

During handling of the above exception, another exception occurred:

Traceback (most recent call last):
  File "C:\Users\admin\AppData\Roaming\Python\Python36\site-packages\django\db\backends\base\base.py", line 213, in ensure_connection
    self.connect()
  File "C:\Users\admin\AppData\Roaming\Python\Python36\site-packages\django\db\backends\base\base.py", line 189, in connect
    self.connection = self.get_new_connection(conn_params)
  File "C:\Users\admin\AppData\Roaming\Python\Python36\site-packages\django\db\backends\mysql\base.py", line 274, in get_new_connection
    conn = Database.connect(**conn_params)
  File "C:\Users\admin\AppData\Roaming\Python\Python36\site-packages\pymysql\__init__.py", line 90, in Connect
    return Connection(*args, **kwargs)
  File "C:\Users\admin\AppData\Roaming\Python\Python36\site-packages\pymysql\connections.py", line 706, in __init__
    self.connect()
  File "C:\Users\admin\AppData\Roaming\Python\Python36\site-packages\pymysql\connections.py", line 963, in connect
    raise exc
pymysql.err.OperationalError: (2003, "Can't connect to MySQL server on '118.89.18.234' (timed out)")

The above exception was the direct cause of the following exception:

Traceback (most recent call last):
  File "C:\Users\admin\AppData\Roaming\Python\Python36\site-packages\django\core\handlers\exception.py", line 41, in inner
    response = get_response(request)
  File "C:\Users\admin\AppData\Roaming\Python\Python36\site-packages\django\core\handlers\base.py", line 187, in _get_response
    response = self.process_exception_by_middleware(e, request)
  File "C:\Users\admin\AppData\Roaming\Python\Python36\site-packages\django\core\handlers\base.py", line 185, in _get_response
    response = wrapped_callback(request, *callback_args, **callback_kwargs)
  File "C:\Users\admin\Desktop\python\webchat\webchat_conpon\views.py", line 30, in loadmore
    paginator = Paginator(contact_list, 20)  # Show 25 contacts per page
  File "C:\Users\admin\AppData\Roaming\Python\Python36\site-packages\django\core\paginator.py", line 31, in __init__
    self._check_object_list_is_ordered()
  File "C:\Users\admin\AppData\Roaming\Python\Python36\site-packages\django\core\paginator.py", line 111, in _check_object_list_is_ordered
    'object_list: {!r}'.format(self.object_list),
  File "C:\Users\admin\AppData\Roaming\Python\Python36\site-packages\django\db\models\query.py", line 226, in __repr__
    data = list(self[:REPR_OUTPUT_SIZE + 1])
  File "C:\Users\admin\AppData\Roaming\Python\Python36\site-packages\django\db\models\query.py", line 250, in __iter__
    self._fetch_all()
  File "C:\Users\admin\AppData\Roaming\Python\Python36\site-packages\django\db\models\query.py", line 1103, in _fetch_all
    self._result_cache = list(self._iterable_class(self))
  File "C:\Users\admin\AppData\Roaming\Python\Python36\site-packages\django\db\models\query.py", line 53, in __iter__
    results = compiler.execute_sql(chunked_fetch=self.chunked_fetch)
  File "C:\Users\admin\AppData\Roaming\Python\Python36\site-packages\django\db\models\sql\compiler.py", line 874, in execute_sql
    cursor = self.connection.cursor()
  File "C:\Users\admin\AppData\Roaming\Python\Python36\site-packages\django\db\backends\base\base.py", line 254, in cursor
    return self._cursor()
  File "C:\Users\admin\AppData\Roaming\Python\Python36\site-packages\django\db\backends\base\base.py", line 229, in _cursor
    self.ensure_connection()
  File "C:\Users\admin\AppData\Roaming\Python\Python36\site-packages\django\db\backends\base\base.py", line 213, in ensure_connection
    self.connect()
  File "C:\Users\admin\AppData\Roaming\Python\Python36\site-packages\django\db\utils.py", line 94, in __exit__
    six.reraise(dj_exc_type, dj_exc_value, traceback)
  File "C:\Users\admin\AppData\Roaming\Python\Python36\site-packages\django\utils\six.py", line 685, in reraise
    raise value.with_traceback(tb)
  File "C:\Users\admin\AppData\Roaming\Python\Python36\site-packages\django\db\backends\base\base.py", line 213, in ensure_connection
    self.connect()
  File "C:\Users\admin\AppData\Roaming\Python\Python36\site-packages\django\db\backends\base\base.py", line 189, in connect
    self.connection = self.get_new_connection(conn_params)
  File "C:\Users\admin\AppData\Roaming\Python\Python36\site-packages\django\db\backends\mysql\base.py", line 274, in get_new_connection
    conn = Database.connect(**conn_params)
  File "C:\Users\admin\AppData\Roaming\Python\Python36\site-packages\pymysql\__init__.py", line 90, in Connect
    return Connection(*args, **kwargs)
  File "C:\Users\admin\AppData\Roaming\Python\Python36\site-packages\pymysql\connections.py", line 706, in __init__
    self.connect()
  File "C:\Users\admin\AppData\Roaming\Python\Python36\site-packages\pymysql\connections.py", line 963, in connect
    raise exc
django.db.utils.OperationalError: (2003, "Can't connect to MySQL server on '118.89.18.234' (timed out)")
[2018-11-21 15:14:01,353 ERROR 38048 dbutil.py 65] - settings.DATABASES is improperly configured. Please supply the ENGINE value. Check settings documentation for more details.
